{
"/Users/philkunz/github/pushrocks/gulp-browser/index.js":{"path":"/Users/philkunz/github/pushrocks/gulp-browser/index.js","s":{"1":1,"2":1,"3":1,"4":1,"5":1,"6":1,"7":1,"8":1,"9":0,"10":1,"11":1,"12":1,"13":1,"14":1,"15":1,"16":1},"b":{"1":[1,0],"2":[1,1]},"f":{"1":1,"2":1,"3":1,"4":1,"5":1},"fnMap":{"1":{"name":"(anonymous_1)","line":5,"loc":{"start":{"line":5,"column":1},"end":{"line":5,"column":34}}},"2":{"name":"init","line":6,"loc":{"start":{"line":6,"column":4},"end":{"line":6,"column":20}}},"3":{"name":"(anonymous_3)","line":7,"loc":{"start":{"line":7,"column":15},"end":{"line":7,"column":27}}},"4":{"name":"(anonymous_4)","line":8,"loc":{"start":{"line":8,"column":39},"end":{"line":8,"column":64}}},"5":{"name":"(anonymous_5)","line":9,"loc":{"start":{"line":9,"column":37},"end":{"line":9,"column":69}}}},"statementMap":{"1":{"start":{"line":4,"column":0},"end":{"line":4,"column":26}},"2":{"start":{"line":5,"column":0},"end":{"line":24,"column":58}},"3":{"start":{"line":6,"column":4},"end":{"line":22,"column":5}},"4":{"start":{"line":7,"column":8},"end":{"line":21,"column":10}},"5":{"start":{"line":8,"column":12},"end":{"line":20,"column":15}},"6":{"start":{"line":9,"column":16},"end":{"line":17,"column":18}},"7":{"start":{"line":10,"column":20},"end":{"line":15,"column":21}},"8":{"start":{"line":11,"column":24},"end":{"line":11,"column":56}},"9":{"start":{"line":14,"column":24},"end":{"line":14,"column":94}},"10":{"start":{"line":16,"column":20},"end":{"line":16,"column":35}},"11":{"start":{"line":18,"column":16},"end":{"line":19,"column":44}},"12":{"start":{"line":23,"column":4},"end":{"line":23,"column":38}},"13":{"start":{"line":27,"column":0},"end":{"line":33,"column":2}},"14":{"start":{"line":35,"column":0},"end":{"line":35,"column":21}},"15":{"start":{"line":36,"column":0},"end":{"line":36,"column":54}},"16":{"start":{"line":37,"column":0},"end":{"line":37,"column":29}}},"branchMap":{"1":{"line":10,"type":"if","locations":[{"start":{"line":10,"column":20},"end":{"line":10,"column":20}},{"start":{"line":10,"column":20},"end":{"line":10,"column":20}}]},"2":{"line":24,"type":"binary-expr","locations":[{"start":{"line":24,"column":3},"end":{"line":24,"column":24}},{"start":{"line":24,"column":29},"end":{"line":24,"column":55}}]}},"l":{"4":1,"5":1,"6":1,"7":1,"8":1,"9":1,"10":1,"11":1,"14":0,"16":1,"18":1,"23":1,"27":1,"35":1,"36":1,"37":1}}}
